2026-03-30 12:52:17,680 - INFO - Deriving User API credentials from private key...
2026-03-30 12:52:17,803 - INFO - ✅ API credentials configured
2026-03-30 12:52:17,803 - INFO -    API Key: 1444dbbe-2ff0-2a04-62bd-1830c8c6c2ef
2026-03-30 12:52:17,803 - INFO -    Wallet: 0x58B8279a146F948f313a062515630e5Ec1f8fB81
2026-03-30 12:52:17,803 - INFO -    Funder: 0xb1133Cbf8a89793b57c875b0eCD62162e840283E
2026-03-30 12:52:18,364 - INFO - Mercado detectado: btc-updown-15m-1774867500
2026-03-30 12:52:18,845 - INFO - UP token ID: 35379630300322760786472322181904950827527255955565631964704430181516898663932
2026-03-30 12:52:18,845 - INFO - DOWN token ID: 113142034498043994433877131386932338918313550659368175155594059080160475329430
2026-03-30 12:52:31,122 - INFO - 🟢 APOSTANDO UP a $0.8000 con 5.0 shares (costo $4.00)
2026-03-30 12:52:31,122 - INFO - 💰 Balance después de apuesta: $296.00
2026-03-30 13:00:00,739 - INFO - Mercado cerrado. Ganador: UP
2026-03-30 13:00:00,739 - INFO - 📊 RESOLUCIÓN: WIN | UP | P&L: $1.00 (+25.00%)
2026-03-30 13:00:00,739 - INFO - 💰 Balance final del mercado: $301.00
2026-03-30 13:00:05,506 - INFO - Mercado detectado: btc-updown-15m-1774868400
2026-03-30 13:00:05,947 - INFO - UP token ID: 75218680394997253546374108046401159645266972749698537686153948186685285038678
2026-03-30 13:00:05,947 - INFO - DOWN token ID: 63186891623896304614232628335457773543598421155401740736749975150811963102415
2026-03-30 13:07:31,482 - INFO - 🟢 APOSTANDO UP a $0.9000 con 5.0 shares (costo $4.50)
2026-03-30 13:07:31,482 - INFO - 💰 Balance después de apuesta: $296.50
2026-03-30 13:15:00,246 - INFO - Mercado cerrado. Ganador: UP
2026-03-30 13:15:00,247 - INFO - 📊 RESOLUCIÓN: WIN | UP | P&L: $0.50 (+11.11%)
2026-03-30 13:15:00,247 - INFO - 💰 Balance final del mercado: $301.50
2026-03-30 13:15:32,792 - INFO - Mercado detectado: btc-updown-15m-1774869300
2026-03-30 13:15:33,238 - INFO - UP token ID: 83829539720229662716295774251733942045328232865736223823624875560943999299945
2026-03-30 13:15:33,238 - INFO - DOWN token ID: 7069258464275812976680891674343819880055615282804199618498348817845595143420
2026-03-30 13:24:03,277 - INFO - 🟢 APOSTANDO UP a $0.7800 con 5.0 shares (costo $3.90)
2026-03-30 13:24:03,277 - INFO - 💰 Balance después de apuesta: $297.60
2026-03-30 13:30:00,428 - INFO - Mercado cerrado. Ganador: UP
2026-03-30 13:30:00,428 - INFO - 📊 RESOLUCIÓN: WIN | UP | P&L: $1.10 (+28.21%)
2026-03-30 13:30:00,428 - INFO - 💰 Balance final del mercado: $302.60
2026-03-30 13:30:37,062 - INFO - Mercado detectado: btc-updown-15m-1774870200
2026-03-30 13:30:37,517 - INFO - UP token ID: 72939389750100371225693997515201330537657632498569931135601848521476791037826
2026-03-30 13:30:37,517 - INFO - DOWN token ID: 104156817793823287867993425987607347260076800779962268182359731979559306756620
2026-03-30 13:37:31,889 - INFO - 🟢 APOSTANDO DOWN a $0.8000 con 5.0 shares (costo $4.00)
2026-03-30 13:37:31,889 - INFO - 💰 Balance después de apuesta: $298.60
2026-03-30 13:45:01,011 - INFO - Mercado cerrado. Ganador: DOWN
2026-03-30 13:45:01,011 - INFO - 📊 RESOLUCIÓN: WIN | DOWN | P&L: $1.00 (+25.00%)
2026-03-30 13:45:01,012 - INFO - 💰 Balance final del mercado: $303.60
2026-03-30 13:45:36,295 - INFO - Mercado detectado: btc-updown-15m-1774871100
2026-03-30 13:45:36,825 - INFO - UP token ID: 88863912794148215606935748240839215467167517039459956566166001912692376011363
2026-03-30 13:45:36,825 - INFO - DOWN token ID: 21625360935512776578733555469509175504989941502331381640171387085733314781039
2026-03-30 13:52:31,365 - INFO - 🟢 APOSTANDO UP a $0.8900 con 5.0 shares (costo $4.45)
2026-03-30 13:52:31,365 - INFO - 💰 Balance después de apuesta: $299.15
2026-03-30 14:00:00,892 - INFO - Mercado cerrado. Ganador: UP
2026-03-30 14:00:00,892 - INFO - 📊 RESOLUCIÓN: WIN | UP | P&L: $0.55 (+12.36%)
2026-03-30 14:00:00,892 - INFO - 💰 Balance final del mercado: $304.15
2026-03-30 14:00:34,271 - INFO - Mercado detectado: btc-updown-15m-1774872000
2026-03-30 14:00:34,738 - INFO - UP token ID: 90349123581732299509168245045303361673518248746576813546677182416536407844275
2026-03-30 14:00:34,738 - INFO - DOWN token ID: 53703395115592226617453974839291292960348671754426659653384538894369829292569
2026-03-30 14:07:32,128 - INFO - 🟢 APOSTANDO UP a $0.9500 con 5.0 shares (costo $4.75)
2026-03-30 14:07:32,128 - INFO - 💰 Balance después de apuesta: $299.40
2026-03-30 14:15:01,100 - INFO - Mercado cerrado. Ganador: UP
2026-03-30 14:15:01,100 - INFO - 📊 RESOLUCIÓN: WIN | UP | P&L: $0.25 (+5.26%)
2026-03-30 14:15:01,100 - INFO - 💰 Balance final del mercado: $304.40
2026-03-30 14:15:07,575 - INFO - Mercado detectado: btc-updown-15m-1774872900
2026-03-30 14:15:08,013 - INFO - UP token ID: 99638817229564265863652677268090348148227643783312847098423107628552430858773
2026-03-30 14:15:08,013 - INFO - DOWN token ID: 53766597222736747196520394467119260020027151444978454064662689826577168387942
2026-03-30 14:23:09,638 - INFO - 🟢 APOSTANDO UP a $0.7900 con 5.0 shares (costo $3.95)
2026-03-30 14:23:09,639 - INFO - 💰 Balance después de apuesta: $300.45
2026-03-30 14:30:01,233 - INFO - Mercado cerrado. Ganador: UP
2026-03-30 14:30:01,233 - INFO - 📊 RESOLUCIÓN: WIN | UP | P&L: $1.05 (+26.58%)
2026-03-30 14:30:01,234 - INFO - 💰 Balance final del mercado: $305.45
2026-03-30 14:30:31,723 - INFO - Mercado detectado: btc-updown-15m-1774873800
2026-03-30 14:30:32,153 - INFO - UP token ID: 109679934841677444027088841458196537539688487341529295088359077658422884317557
2026-03-30 14:30:32,153 - INFO - DOWN token ID: 18693551880697014125459478110294132839231134855618584374865196506351163854460
2026-03-30 14:38:09,164 - INFO - 🟢 APOSTANDO UP a $0.7800 con 5.0 shares (costo $3.90)
2026-03-30 14:38:09,164 - INFO - 💰 Balance después de apuesta: $301.55
2026-03-30 14:42:17,634 - INFO - 🟢 APOSTANDO DOWN a $0.7800 con 20.0 shares (costo $15.60) [hedge x4.0]
2026-03-30 14:42:17,634 - INFO - 💰 Balance después de apuesta: $285.95
2026-03-30 14:44:16,816 - INFO - 🟢 APOSTANDO UP a $0.8400 con 80.0 shares (costo $67.20) [hedge x4.0]
2026-03-30 14:44:16,816 - INFO - 💰 Balance después de apuesta: $218.75
2026-03-30 14:45:01,230 - INFO - Mercado cerrado. Ganador: UP
2026-03-30 14:45:01,230 - INFO - 📊 RESOLUCIÓN: WIN | UP | P&L: $1.10 (+28.21%)
2026-03-30 14:45:01,230 - INFO - 📊 RESOLUCIÓN: LOSS | DOWN | P&L: $-15.60 (-100.00%)
2026-03-30 14:45:01,230 - INFO - 📊 RESOLUCIÓN: WIN | UP | P&L: $12.80 (+19.05%)
2026-03-30 14:45:01,230 - INFO - 💰 Balance final del mercado: $303.75
2026-03-30 14:45:16,014 - INFO - Mercado detectado: btc-updown-15m-1774874700
2026-03-30 14:45:16,451 - INFO - UP token ID: 2432436328844639259426335391539090989311938251337508830211936872077757237185
2026-03-30 14:45:16,452 - INFO - DOWN token ID: 8991582968974624442682705806536048542227234326581474539538206211037876726909
2026-03-30 14:56:37,191 - INFO - 🟢 APOSTANDO UP a $0.7900 con 5.0 shares (costo $3.95)
2026-03-30 14:56:37,191 - INFO - 💰 Balance después de apuesta: $299.80
2026-03-30 15:00:00,322 - INFO - Mercado cerrado. Ganador: UP
2026-03-30 15:00:00,322 - INFO - 📊 RESOLUCIÓN: WIN | UP | P&L: $1.05 (+26.58%)
2026-03-30 15:00:00,322 - INFO - 💰 Balance final del mercado: $304.80
2026-03-30 15:00:32,026 - INFO - Mercado detectado: btc-updown-15m-1774875600
2026-03-30 15:00:32,474 - INFO - UP token ID: 14327262630873803460051097060061166974726702598329646779256914431023561695390
2026-03-30 15:00:32,474 - INFO - DOWN token ID: 22015248184595675121230752625355158660837613914649679358209109967766186134942
2026-03-30 15:07:31,735 - INFO - 🟢 APOSTANDO DOWN a $0.7900 con 5.0 shares (costo $3.95)
2026-03-30 15:07:31,736 - INFO - 💰 Balance después de apuesta: $300.85
2026-03-30 15:11:49,331 - INFO - 🟢 APOSTANDO UP a $0.7700 con 20.0 shares (costo $15.40) [hedge x4.0]
2026-03-30 15:11:49,331 - INFO - 💰 Balance después de apuesta: $285.45
2026-03-30 15:15:01,495 - INFO - Mercado cerrado. Ganador: UP
2026-03-30 15:15:01,495 - INFO - 📊 RESOLUCIÓN: LOSS | DOWN | P&L: $-3.95 (-100.00%)
2026-03-30 15:15:01,496 - INFO - 📊 RESOLUCIÓN: WIN | UP | P&L: $4.60 (+29.87%)
2026-03-30 15:15:01,496 - INFO - 💰 Balance final del mercado: $305.45
2026-03-30 15:15:14,885 - INFO - Mercado detectado: btc-updown-15m-1774876500
2026-03-30 15:15:15,334 - INFO - UP token ID: 58915095756066050546655729614659089848022922537839084589051826239743661273313
2026-03-30 15:15:15,334 - INFO - DOWN token ID: 59279492510549647452261152451847489954927003562374973600526202460426120812120
2026-03-30 15:22:31,213 - INFO - 🟢 APOSTANDO UP a $0.8600 con 5.0 shares (costo $4.30)
2026-03-30 15:22:31,214 - INFO - 💰 Balance después de apuesta: $301.15
2026-03-30 15:29:36,122 - INFO - 🟢 APOSTANDO DOWN a $0.7900 con 20.0 shares (costo $15.80) [hedge x4.0]
2026-03-30 15:29:36,122 - INFO - 💰 Balance después de apuesta: $285.35
2026-03-30 15:30:00,197 - INFO - Mercado cerrado. Ganador: DOWN
2026-03-30 15:30:00,197 - INFO - 📊 RESOLUCIÓN: LOSS | UP | P&L: $-4.30 (-100.00%)
2026-03-30 15:30:00,197 - INFO - 📊 RESOLUCIÓN: WIN | DOWN | P&L: $4.20 (+26.58%)
2026-03-30 15:30:00,197 - INFO - 💰 Balance final del mercado: $305.35
2026-03-30 15:30:27,754 - INFO - Mercado detectado: btc-updown-15m-1774877400
2026-03-30 15:30:28,268 - INFO - UP token ID: 97768082692281902627975130114487010634878773358140813238380999762414120564320
2026-03-30 15:30:28,268 - INFO - DOWN token ID: 77404774300139605637453558628864905538309022825152721873735049857453851632998
2026-03-30 15:41:16,292 - INFO - 🟢 APOSTANDO DOWN a $0.7800 con 5.0 shares (costo $3.90)
2026-03-30 15:41:16,292 - INFO - 💰 Balance después de apuesta: $301.45
2026-03-30 15:45:00,396 - INFO - Mercado cerrado. Ganador: DOWN
2026-03-30 15:45:00,396 - INFO - 📊 RESOLUCIÓN: WIN | DOWN | P&L: $1.10 (+28.21%)
2026-03-30 15:45:00,396 - INFO - 💰 Balance final del mercado: $306.45
2026-03-30 15:45:19,290 - INFO - Mercado detectado: btc-updown-15m-1774878300
2026-03-30 15:45:19,725 - INFO - UP token ID: 93051881376744672263073688927449014631586710726064192281547037530890850629533
2026-03-30 15:45:19,725 - INFO - DOWN token ID: 31585077437641455754490744498840887732117479361482605664612081216451676359541
2026-03-30 15:55:25,753 - INFO - 🟢 APOSTANDO DOWN a $0.7900 con 5.0 shares (costo $3.95)
2026-03-30 15:55:25,753 - INFO - 💰 Balance después de apuesta: $302.50
2026-03-30 16:00:01,161 - INFO - Mercado cerrado. Ganador: DOWN
2026-03-30 16:00:01,161 - INFO - 📊 RESOLUCIÓN: WIN | DOWN | P&L: $1.05 (+26.58%)
2026-03-30 16:00:01,161 - INFO - 💰 Balance final del mercado: $307.50
2026-03-30 16:00:30,424 - INFO - Mercado detectado: btc-updown-15m-1774879200
2026-03-30 16:00:30,901 - INFO - UP token ID: 103638995304450164163777036563846411695096407541746660903931916608220707150713
2026-03-30 16:00:30,901 - INFO - DOWN token ID: 17329465020363135864650971527716935275830122586077106672632840202152302444526
2026-03-30 16:09:07,788 - INFO - 🟢 APOSTANDO UP a $0.7700 con 5.0 shares (costo $3.85)
2026-03-30 16:09:07,789 - INFO - 💰 Balance después de apuesta: $303.65
2026-03-30 16:15:00,976 - INFO - Mercado cerrado. Ganador: UP
2026-03-30 16:15:00,977 - INFO - 📊 RESOLUCIÓN: WIN | UP | P&L: $1.15 (+29.87%)
2026-03-30 16:15:00,977 - INFO - 💰 Balance final del mercado: $308.65
2026-03-30 16:15:25,751 - INFO - Mercado detectado: btc-updown-15m-1774880100
2026-03-30 16:15:26,209 - INFO - UP token ID: 25859664654373121810454171980072947232374863793872510823777034934292582658084
2026-03-30 16:15:26,209 - INFO - DOWN token ID: 81904411462430254872747095752053226142158712647603480662546590588206956567824
2026-03-30 16:22:32,064 - INFO - 🟢 APOSTANDO DOWN a $0.9500 con 5.0 shares (costo $4.75)
2026-03-30 16:22:32,064 - INFO - 💰 Balance después de apuesta: $303.90
2026-03-30 16:30:01,008 - INFO - Mercado cerrado. Ganador: DOWN
2026-03-30 16:30:01,008 - INFO - 📊 RESOLUCIÓN: WIN | DOWN | P&L: $0.25 (+5.26%)
2026-03-30 16:30:01,008 - INFO - 💰 Balance final del mercado: $308.90
2026-03-30 16:30:19,894 - INFO - Mercado detectado: btc-updown-15m-1774881000
2026-03-30 16:30:20,324 - INFO - UP token ID: 81897306550249462707394306996261854992734270690069055290551590231455315361163
2026-03-30 16:30:20,324 - INFO - DOWN token ID: 114466177127116207987152725214504465282983524696326144537391295307877408076665
2026-03-30 16:37:31,210 - INFO - 🟢 APOSTANDO DOWN a $0.7900 con 5.0 shares (costo $3.95)
2026-03-30 16:37:31,210 - INFO - 💰 Balance después de apuesta: $304.95
2026-03-30 16:45:01,537 - INFO - Mercado cerrado. Ganador: DOWN
2026-03-30 16:45:01,537 - INFO - 📊 RESOLUCIÓN: WIN | DOWN | P&L: $1.05 (+26.58%)
2026-03-30 16:45:01,537 - INFO - 💰 Balance final del mercado: $309.95
2026-03-30 16:45:09,109 - INFO - Mercado detectado: btc-updown-15m-1774881900
2026-03-30 16:45:09,678 - INFO - UP token ID: 92922208199708158710091595515531458067510484693289454135837420889834495876050
2026-03-30 16:45:09,678 - INFO - DOWN token ID: 81294032262838413259310076564014426585976162412132025728968969561745222509147
2026-03-30 16:52:31,359 - INFO - 🟢 APOSTANDO UP a $0.9200 con 5.0 shares (costo $4.60)
2026-03-30 16:52:31,359 - INFO - 💰 Balance después de apuesta: $305.35
2026-03-30 17:00:01,074 - INFO - Mercado cerrado. Ganador: UP
2026-03-30 17:00:01,074 - INFO - 📊 RESOLUCIÓN: WIN | UP | P&L: $0.40 (+8.70%)
2026-03-30 17:00:01,074 - INFO - 💰 Balance final del mercado: $310.35
2026-03-30 17:00:33,188 - INFO - Mercado detectado: btc-updown-15m-1774882800
2026-03-30 17:00:33,636 - INFO - UP token ID: 94374255080230602245391371268700526668023488846667921157631989957061847996367
2026-03-30 17:00:33,636 - INFO - DOWN token ID: 48047151418220948281247147071911429220393860196700596855217079736961378457476
2026-03-30 17:07:31,015 - INFO - 🟢 APOSTANDO DOWN a $0.8800 con 5.0 shares (costo $4.40)
2026-03-30 17:07:31,016 - INFO - 💰 Balance después de apuesta: $305.95
2026-03-30 17:15:01,239 - INFO - Mercado cerrado. Ganador: DOWN
2026-03-30 17:15:01,239 - INFO - 📊 RESOLUCIÓN: WIN | DOWN | P&L: $0.60 (+13.64%)
2026-03-30 17:15:01,239 - INFO - 💰 Balance final del mercado: $310.95
2026-03-30 17:15:14,597 - INFO - Mercado detectado: btc-updown-15m-1774883700
2026-03-30 17:15:15,095 - INFO - UP token ID: 44103414554403726675110872871167204608066165997426145685427989396004877794432
2026-03-30 17:15:15,095 - INFO - DOWN token ID: 63358338402140382878304289639732227057868211586465936455279734701684186073307
2026-03-30 17:22:31,765 - INFO - 🟢 APOSTANDO DOWN a $0.8400 con 5.0 shares (costo $4.20)
2026-03-30 17:22:31,765 - INFO - 💰 Balance después de apuesta: $306.75
2026-03-30 17:30:01,024 - INFO - Mercado cerrado. Ganador: DOWN
2026-03-30 17:30:01,024 - INFO - 📊 RESOLUCIÓN: WIN | DOWN | P&L: $0.80 (+19.05%)
2026-03-30 17:30:01,025 - INFO - 💰 Balance final del mercado: $311.75
2026-03-30 17:30:14,996 - INFO - Mercado detectado: btc-updown-15m-1774884600
2026-03-30 17:30:15,529 - INFO - UP token ID: 99733917323442256813799879003205560124027203316007075152847380524072875513412
2026-03-30 17:30:15,529 - INFO - DOWN token ID: 61015924722767751924244153292050302932375026402809135253061984446980790194972
2026-03-30 17:31:13,209 - INFO - Bot detenido por el usuario
2026-03-30 17:31:13,209 - INFO - 
======================================================================
2026-03-30 17:31:13,209 - INFO - RESUMEN FINAL
2026-03-30 17:31:13,210 - INFO - Mercados procesados: 15
2026-03-30 17:31:13,210 - INFO - Wins: 20 | Losses: 3 | Winrate: 86.96%
2026-03-30 17:31:13,210 - INFO - Beneficio neto: $11.75 (Balance final: $311.75)
2026-03-30 17:31:13,210 - INFO - ======================================================================
2026-03-30 17:31:15,540 - INFO - Deriving User API credentials from private key...
2026-03-30 17:31:15,679 - INFO - ✅ API credentials configured
2026-03-30 17:31:15,679 - INFO -    API Key: 1444dbbe-2ff0-2a04-62bd-1830c8c6c2ef
2026-03-30 17:31:15,679 - INFO -    Wallet: 0x58B8279a146F948f313a062515630e5Ec1f8fB81
2026-03-30 17:31:15,679 - INFO -    Funder: 0xb1133Cbf8a89793b57c875b0eCD62162e840283E
2026-03-30 17:31:16,284 - INFO - Mercado detectado: btc-updown-15m-1774884600
2026-03-30 17:31:16,844 - INFO - UP token ID: 99733917323442256813799879003205560124027203316007075152847380524072875513412
2026-03-30 17:31:16,845 - INFO - DOWN token ID: 61015924722767751924244153292050302932375026402809135253061984446980790194972
2026-03-30 17:37:31,934 - INFO - 🟢 APOSTANDO UP a $0.9700 con 5.0 shares (costo $4.85)
2026-03-30 17:37:31,935 - INFO - 💰 Balance después de apuesta: $345.15
2026-03-30 17:45:00,886 - INFO - Mercado cerrado. Ganador: UP
2026-03-30 17:45:00,887 - INFO - 📊 RESOLUCIÓN: WIN | UP | P&L: $0.15 (+3.09%)
2026-03-30 17:45:00,887 - INFO - 💰 Balance final del mercado: $350.15
2026-03-30 17:45:29,708 - INFO - Mercado detectado: btc-updown-15m-1774885500
2026-03-30 17:45:30,177 - INFO - UP token ID: 99051394669854812168418681347138188388549860573587032738551859679597823706800
2026-03-30 17:45:30,177 - INFO - DOWN token ID: 96390368007340524748408038050460597516351050767618476578782285440679956990171
2026-03-30 17:55:01,734 - INFO - 🟢 APOSTANDO DOWN a $0.7800 con 5.0 shares (costo $3.90)
2026-03-30 17:55:01,735 - INFO - 💰 Balance después de apuesta: $346.25
2026-03-30 18:00:00,338 - INFO - Mercado cerrado. Ganador: DOWN
2026-03-30 18:00:00,338 - INFO - 📊 RESOLUCIÓN: WIN | DOWN | P&L: $1.10 (+28.21%)
2026-03-30 18:00:00,338 - INFO - 💰 Balance final del mercado: $351.25
2026-03-30 18:00:35,253 - INFO - Mercado detectado: btc-updown-15m-1774886400
2026-03-30 18:00:35,692 - INFO - UP token ID: 33435577888671134429897023381649493285240745899871742898866156158971661070320
2026-03-30 18:00:35,692 - INFO - DOWN token ID: 40564035460632397795139342595703634598810792635778818386239165648190756183506
2026-03-30 18:07:31,742 - INFO - 🟢 APOSTANDO DOWN a $0.9300 con 5.0 shares (costo $4.65)
2026-03-30 18:07:31,742 - INFO - 💰 Balance después de apuesta: $346.60
2026-03-30 18:15:00,615 - INFO - Mercado cerrado. Ganador: DOWN
2026-03-30 18:15:00,616 - INFO - 📊 RESOLUCIÓN: WIN | DOWN | P&L: $0.35 (+7.53%)
2026-03-30 18:15:00,616 - INFO - 💰 Balance final del mercado: $351.60
2026-03-30 18:15:29,631 - INFO - Mercado detectado: btc-updown-15m-1774887300
2026-03-30 18:15:30,116 - INFO - UP token ID: 101470940590125204542783508157693482067286086136077921473258977126872774625274
2026-03-30 18:15:30,116 - INFO - DOWN token ID: 43187793297536247616551405777900799345668654507354140024619918145837638852053
2026-03-30 18:22:31,469 - INFO - 🟢 APOSTANDO DOWN a $0.8800 con 5.0 shares (costo $4.40)
2026-03-30 18:22:31,469 - INFO - 💰 Balance después de apuesta: $347.20
2026-03-30 18:30:00,829 - INFO - Mercado cerrado. Ganador: DOWN
2026-03-30 18:30:00,830 - INFO - 📊 RESOLUCIÓN: WIN | DOWN | P&L: $0.60 (+13.64%)
2026-03-30 18:30:00,830 - INFO - 💰 Balance final del mercado: $352.20
2026-03-30 18:30:35,407 - INFO - Mercado detectado: btc-updown-15m-1774888200
2026-03-30 18:30:35,890 - INFO - UP token ID: 78386538087221099372806598746494439710681627283263855278243418332870460456556
2026-03-30 18:30:35,890 - INFO - DOWN token ID: 75639302907782759590495394215117953814877222973815520502775580639641997416644
2026-03-30 18:37:32,224 - INFO - 🟢 APOSTANDO UP a $0.9300 con 5.0 shares (costo $4.65)
2026-03-30 18:37:32,224 - INFO - 💰 Balance después de apuesta: $347.55
2026-03-30 18:45:00,442 - INFO - Mercado cerrado. Ganador: UP
2026-03-30 18:45:00,442 - INFO - 📊 RESOLUCIÓN: WIN | UP | P&L: $0.35 (+7.53%)
2026-03-30 18:45:00,442 - INFO - 💰 Balance final del mercado: $352.55
2026-03-30 18:45:12,395 - INFO - Mercado detectado: btc-updown-15m-1774889100
2026-03-30 18:45:13,123 - INFO - UP token ID: 69294260954773278451775704865178609359508068912393292062836633325243740346713
2026-03-30 18:45:13,124 - INFO - DOWN token ID: 25618561998129283476535120044060280164730011770210476723869051423781350743551
2026-03-30 18:53:48,583 - INFO - 🟢 APOSTANDO DOWN a $0.7900 con 5.0 shares (costo $3.95)
2026-03-30 18:53:48,583 - INFO - 💰 Balance después de apuesta: $348.60
2026-03-30 19:00:01,298 - INFO - Mercado cerrado. Ganador: DOWN
2026-03-30 19:00:01,298 - INFO - 📊 RESOLUCIÓN: WIN | DOWN | P&L: $1.05 (+26.58%)
2026-03-30 19:00:01,298 - INFO - 💰 Balance final del mercado: $353.60
2026-03-30 19:00:35,059 - INFO - Mercado detectado: btc-updown-15m-1774890000
2026-03-30 19:00:35,586 - INFO - UP token ID: 73618528112235440586092764993323823526280308629851208260082670421450720374145
2026-03-30 19:00:35,586 - INFO - DOWN token ID: 83095538528658824131910187094900861296073885551907565342646131550072211831693
2026-03-30 19:08:15,362 - INFO - 🟢 APOSTANDO DOWN a $0.7900 con 5.0 shares (costo $3.95)
2026-03-30 19:08:15,362 - INFO - 💰 Balance después de apuesta: $349.65
2026-03-30 19:15:01,200 - INFO - Mercado cerrado. Ganador: DOWN
2026-03-30 19:15:01,201 - INFO - 📊 RESOLUCIÓN: WIN | DOWN | P&L: $1.05 (+26.58%)
2026-03-30 19:15:01,201 - INFO - 💰 Balance final del mercado: $354.65
2026-03-30 19:15:33,131 - INFO - Mercado detectado: btc-updown-15m-1774890900
2026-03-30 19:15:33,653 - INFO - UP token ID: 3505298043681348885867598639852307833814578248047405819315942131883362630747
2026-03-30 19:15:33,653 - INFO - DOWN token ID: 26072524500340645794095268223889097149109810814877349694939135520156162442545
2026-03-30 19:22:31,116 - INFO - 🟢 APOSTANDO DOWN a $0.9600 con 5.0 shares (costo $4.80)
2026-03-30 19:22:31,116 - INFO - 💰 Balance después de apuesta: $349.85
2026-03-30 19:30:01,285 - INFO - Mercado cerrado. Ganador: DOWN
2026-03-30 19:30:01,285 - INFO - 📊 RESOLUCIÓN: WIN | DOWN | P&L: $0.20 (+4.17%)
2026-03-30 19:30:01,285 - INFO - 💰 Balance final del mercado: $354.85
2026-03-30 19:30:09,245 - INFO - Mercado detectado: btc-updown-15m-1774891800
2026-03-30 19:30:09,731 - INFO - UP token ID: 67421481231761703759023564341023728684579990321191995355704399327775380402104
2026-03-30 19:30:09,731 - INFO - DOWN token ID: 16297299441665866279396720204458113230023165941863766090621066405047894358244
2026-03-30 19:37:31,119 - INFO - 🟢 APOSTANDO UP a $0.8600 con 5.0 shares (costo $4.30)
2026-03-30 19:37:31,119 - INFO - 💰 Balance después de apuesta: $350.55
2026-03-30 19:45:01,154 - INFO - Mercado cerrado. Ganador: UP
2026-03-30 19:45:01,154 - INFO - 📊 RESOLUCIÓN: WIN | UP | P&L: $0.70 (+16.28%)
2026-03-30 19:45:01,154 - INFO - 💰 Balance final del mercado: $355.55
2026-03-30 19:45:15,308 - INFO - Mercado detectado: btc-updown-15m-1774892700
2026-03-30 19:45:15,804 - INFO - UP token ID: 39531273722007274029812202944557592492562590492070335409870638684626681616521
2026-03-30 19:45:15,804 - INFO - DOWN token ID: 52027706145265177425197169807334210823823847720065207156608500703732987485224
2026-03-30 19:53:00,470 - INFO - 🟢 APOSTANDO DOWN a $0.7700 con 5.0 shares (costo $3.85)
2026-03-30 19:53:00,471 - INFO - 💰 Balance después de apuesta: $351.70
2026-03-30 20:00:00,979 - INFO - Mercado cerrado. Ganador: DOWN
2026-03-30 20:00:00,980 - INFO - 📊 RESOLUCIÓN: WIN | DOWN | P&L: $1.15 (+29.87%)
2026-03-30 20:00:00,980 - INFO - 💰 Balance final del mercado: $356.70
2026-03-30 20:00:19,395 - INFO - Mercado detectado: btc-updown-15m-1774893600
2026-03-30 20:00:19,963 - INFO - UP token ID: 52113555098521851543175693250509133553830876781113509674035568717597706782538
2026-03-30 20:00:19,964 - INFO - DOWN token ID: 85823410280621723313389350548231333618460580988286265122196316577731464818751
2026-03-30 20:07:40,304 - INFO - 🟢 APOSTANDO DOWN a $0.7800 con 5.0 shares (costo $3.90)
2026-03-30 20:07:40,304 - INFO - 💰 Balance después de apuesta: $352.80
2026-03-30 20:15:00,945 - INFO - Mercado cerrado. Ganador: DOWN
2026-03-30 20:15:00,946 - INFO - 📊 RESOLUCIÓN: WIN | DOWN | P&L: $1.10 (+28.21%)
2026-03-30 20:15:00,946 - INFO - 💰 Balance final del mercado: $357.80
2026-03-30 20:15:07,863 - INFO - Mercado detectado: btc-updown-15m-1774894500
2026-03-30 20:15:08,404 - INFO - UP token ID: 46668408418212001022803027772786624869412373251049869050008509582276601168484
2026-03-30 20:15:08,404 - INFO - DOWN token ID: 59481050267827408658467068396142482100877395086832878194292558290407698811407
2026-03-30 20:23:25,591 - INFO - 🟢 APOSTANDO DOWN a $0.8100 con 5.0 shares (costo $4.05)
2026-03-30 20:23:25,591 - INFO - 💰 Balance después de apuesta: $353.75
2026-03-30 20:30:00,339 - INFO - Mercado cerrado. Ganador: DOWN
2026-03-30 20:30:00,340 - INFO - 📊 RESOLUCIÓN: WIN | DOWN | P&L: $0.95 (+23.46%)
2026-03-30 20:30:00,340 - INFO - 💰 Balance final del mercado: $358.75
2026-03-30 20:30:20,155 - INFO - Mercado detectado: btc-updown-15m-1774895400
2026-03-30 20:30:20,676 - INFO - UP token ID: 104770621329719967588037694108774563805435563671258571429057279283321054931070
2026-03-30 20:30:20,676 - INFO - DOWN token ID: 9986397002795106972753714576633941816517998599577911225902949687949853051697
2026-03-30 20:37:32,309 - INFO - 🟢 APOSTANDO UP a $0.8700 con 5.0 shares (costo $4.35)
2026-03-30 20:37:32,309 - INFO - 💰 Balance después de apuesta: $354.40
2026-03-30 20:45:00,667 - INFO - Mercado cerrado. Ganador: UP
2026-03-30 20:45:00,667 - INFO - 📊 RESOLUCIÓN: WIN | UP | P&L: $0.65 (+14.94%)
2026-03-30 20:45:00,667 - INFO - 💰 Balance final del mercado: $359.40
2026-03-30 20:45:23,439 - INFO - Mercado detectado: btc-updown-15m-1774896300
2026-03-30 20:45:23,922 - INFO - UP token ID: 77166501997783938966539186234701781008075431865633027190646466597836981980221
2026-03-30 20:45:23,922 - INFO - DOWN token ID: 110867924389607768740638009561453117608773379255900966188498652522625539116997
2026-03-30 20:52:31,540 - INFO - 🟢 APOSTANDO DOWN a $0.9200 con 5.0 shares (costo $4.60)
2026-03-30 20:52:31,540 - INFO - 💰 Balance después de apuesta: $354.80
2026-03-30 21:00:00,267 - INFO - Mercado cerrado. Ganador: DOWN
2026-03-30 21:00:00,267 - INFO - 📊 RESOLUCIÓN: WIN | DOWN | P&L: $0.40 (+8.70%)
2026-03-30 21:00:00,267 - INFO - 💰 Balance final del mercado: $359.80
2026-03-30 21:00:26,152 - INFO - Mercado detectado: btc-updown-15m-1774897200
2026-03-30 21:00:26,648 - INFO - UP token ID: 114082868498943010418904234583430762321077550279895374319413849285501986960288
2026-03-30 21:00:26,648 - INFO - DOWN token ID: 37731473089054843184484920167088343932308537204540572310185303884382800520775
2026-03-30 21:07:31,283 - INFO - 🟢 APOSTANDO DOWN a $0.9500 con 5.0 shares (costo $4.75)
2026-03-30 21:07:31,284 - INFO - 💰 Balance después de apuesta: $355.05
2026-03-30 21:15:01,661 - INFO - Mercado cerrado. Ganador: DOWN
2026-03-30 21:15:01,661 - INFO - 📊 RESOLUCIÓN: WIN | DOWN | P&L: $0.25 (+5.26%)
2026-03-30 21:15:01,662 - INFO - 💰 Balance final del mercado: $360.05
2026-03-30 21:15:37,331 - INFO - Mercado detectado: btc-updown-15m-1774898100
2026-03-30 21:15:37,871 - INFO - UP token ID: 105904517815115261497535339934855066338697562072981495114364362791906429538298
2026-03-30 21:15:37,871 - INFO - DOWN token ID: 12935374401563648303178580577582333807567837545847470457784093093423768721784
2026-03-30 21:23:43,930 - INFO - 🟢 APOSTANDO DOWN a $0.7900 con 5.0 shares (costo $3.95)
2026-03-30 21:23:43,930 - INFO - 💰 Balance después de apuesta: $356.10
2026-03-30 21:30:00,930 - INFO - Mercado cerrado. Ganador: DOWN
2026-03-30 21:30:00,930 - INFO - 📊 RESOLUCIÓN: WIN | DOWN | P&L: $1.05 (+26.58%)
2026-03-30 21:30:00,931 - INFO - 💰 Balance final del mercado: $361.10
2026-03-30 21:30:16,362 - INFO - Mercado detectado: btc-updown-15m-1774899000
2026-03-30 21:30:16,847 - INFO - UP token ID: 104567277917235784456975550844855085969253158635724224614423649396194198694558
2026-03-30 21:30:16,847 - INFO - DOWN token ID: 51620270867372154392102776541165965126013756278745760198985249278468049676012
2026-03-30 21:37:32,066 - INFO - 🟢 APOSTANDO UP a $0.8200 con 5.0 shares (costo $4.10)
2026-03-30 21:37:32,067 - INFO - 💰 Balance después de apuesta: $357.00
2026-03-30 21:45:01,192 - INFO - Mercado cerrado. Ganador: UP
2026-03-30 21:45:01,192 - INFO - 📊 RESOLUCIÓN: WIN | UP | P&L: $0.90 (+21.95%)
2026-03-30 21:45:01,192 - INFO - 💰 Balance final del mercado: $362.00
2026-03-30 21:45:20,967 - INFO - Mercado detectado: btc-updown-15m-1774899900
2026-03-30 21:45:21,481 - INFO - UP token ID: 55355821984721725573436729648814455540195721182755520876843146614142983741439
2026-03-30 21:45:21,481 - INFO - DOWN token ID: 45779751720836584673922838955007032584806472248136327934394724327348527625309
2026-03-30 21:52:32,264 - INFO - 🟢 APOSTANDO UP a $0.9600 con 5.0 shares (costo $4.80)
2026-03-30 21:52:32,264 - INFO - 💰 Balance después de apuesta: $357.20
2026-03-30 22:00:01,538 - INFO - Mercado cerrado. Ganador: UP
2026-03-30 22:00:01,538 - INFO - 📊 RESOLUCIÓN: WIN | UP | P&L: $0.20 (+4.17%)
2026-03-30 22:00:01,538 - INFO - 💰 Balance final del mercado: $362.20
2026-03-30 22:00:54,237 - INFO - Mercado detectado: btc-updown-15m-1774900800
2026-03-30 22:00:54,713 - INFO - UP token ID: 11847148692707858385772816471679502274092259722825579993132533091768831249012
2026-03-30 22:00:54,713 - INFO - DOWN token ID: 61585918964801560958906309700038240151266823825324036937248435539659423163901
2026-03-30 22:07:31,660 - INFO - 🟢 APOSTANDO UP a $0.8300 con 5.0 shares (costo $4.15)
2026-03-30 22:07:31,660 - INFO - 💰 Balance después de apuesta: $358.05
2026-03-30 22:15:00,488 - INFO - Mercado cerrado. Ganador: UP
2026-03-30 22:15:00,489 - INFO - 📊 RESOLUCIÓN: WIN | UP | P&L: $0.85 (+20.48%)
2026-03-30 22:15:00,489 - INFO - 💰 Balance final del mercado: $363.05
2026-03-30 22:15:12,456 - INFO - Mercado detectado: btc-updown-15m-1774901700
2026-03-30 22:15:12,918 - INFO - UP token ID: 60773263449205034308776492612060445153374711163389397298887722311258951277997
2026-03-30 22:15:12,919 - INFO - DOWN token ID: 74099512112837182240861612816160712022767949261749451421490395386159158272648
2026-03-30 22:23:35,803 - INFO - 🟢 APOSTANDO UP a $0.7800 con 5.0 shares (costo $3.90)
2026-03-30 22:23:35,803 - INFO - 💰 Balance después de apuesta: $359.15
2026-03-30 22:30:00,770 - INFO - Mercado cerrado. Ganador: UP
2026-03-30 22:30:00,770 - INFO - 📊 RESOLUCIÓN: WIN | UP | P&L: $1.10 (+28.21%)
2026-03-30 22:30:00,770 - INFO - 💰 Balance final del mercado: $364.15
2026-03-30 22:30:11,379 - INFO - Mercado detectado: btc-updown-15m-1774902600
2026-03-30 22:30:11,832 - INFO - UP token ID: 113456415221380384917442716188177716432427885234774348082593491324748247724204
2026-03-30 22:30:11,832 - INFO - DOWN token ID: 93537201504215911537680537143323228137439101227169914425734051323271178890498
2026-03-30 22:37:32,287 - INFO - 🟢 APOSTANDO DOWN a $0.9000 con 5.0 shares (costo $4.50)
2026-03-30 22:37:32,288 - INFO - 💰 Balance después de apuesta: $359.65
2026-03-30 22:44:33,602 - INFO - 🟢 APOSTANDO UP a $0.7900 con 20.0 shares (costo $15.80) [hedge x4.0]
2026-03-30 22:44:33,602 - INFO - 💰 Balance después de apuesta: $343.85
2026-03-30 22:45:00,493 - INFO - Mercado cerrado. Ganador: UP
2026-03-30 22:45:00,494 - INFO - 📊 RESOLUCIÓN: LOSS | DOWN | P&L: $-4.50 (-100.00%)
2026-03-30 22:45:00,494 - INFO - 📊 RESOLUCIÓN: WIN | UP | P&L: $4.20 (+26.58%)
2026-03-30 22:45:00,494 - INFO - 💰 Balance final del mercado: $363.85
2026-03-30 22:45:22,311 - INFO - Mercado detectado: btc-updown-15m-1774903500
2026-03-30 22:45:22,770 - INFO - UP token ID: 71531194092594266381137310752755478673383180256411083956661771069264881897570
2026-03-30 22:45:22,770 - INFO - DOWN token ID: 4907380165689651092726435162682985814763165353254574152466399078706717595674
2026-03-30 22:52:42,760 - INFO - 🟢 APOSTANDO DOWN a $0.7800 con 5.0 shares (costo $3.90)
2026-03-30 22:52:42,760 - INFO - 💰 Balance después de apuesta: $359.95
2026-03-30 22:58:51,848 - INFO - 🟢 APOSTANDO UP a $0.7900 con 20.0 shares (costo $15.80) [hedge x4.0]
2026-03-30 22:58:51,849 - INFO - 💰 Balance después de apuesta: $344.15
2026-03-30 22:59:31,729 - INFO - 🟢 APOSTANDO DOWN a $0.8700 con 80.0 shares (costo $69.60) [hedge x4.0]
2026-03-30 22:59:31,729 - INFO - 💰 Balance después de apuesta: $274.55
2026-03-30 23:00:01,242 - INFO - Mercado cerrado. Ganador: DOWN
2026-03-30 23:00:01,242 - INFO - 📊 RESOLUCIÓN: WIN | DOWN | P&L: $1.10 (+28.21%)
2026-03-30 23:00:01,242 - INFO - 📊 RESOLUCIÓN: LOSS | UP | P&L: $-15.80 (-100.00%)
2026-03-30 23:00:01,242 - INFO - 📊 RESOLUCIÓN: WIN | DOWN | P&L: $10.40 (+14.94%)
2026-03-30 23:00:01,242 - INFO - 💰 Balance final del mercado: $359.55
2026-03-30 23:01:01,913 - INFO - Mercado detectado: btc-updown-15m-1774904400
2026-03-30 23:01:02,370 - INFO - UP token ID: 13380498435509676321898703776487774760747690794014752080894312341161254807752
2026-03-30 23:01:02,370 - INFO - DOWN token ID: 93452052254412986490289948129752176656463173719045227928399005955540861282051
2026-03-30 23:07:34,790 - INFO - 🟢 APOSTANDO DOWN a $0.7900 con 5.0 shares (costo $3.95)
2026-03-30 23:07:34,790 - INFO - 💰 Balance después de apuesta: $355.60
2026-03-30 23:09:21,412 - INFO - 🟢 APOSTANDO UP a $0.7900 con 20.0 shares (costo $15.80) [hedge x4.0]
2026-03-30 23:09:21,413 - INFO - 💰 Balance después de apuesta: $339.80
2026-03-30 23:15:01,398 - INFO - Mercado cerrado. Ganador: UP
2026-03-30 23:15:01,399 - INFO - 📊 RESOLUCIÓN: LOSS | DOWN | P&L: $-3.95 (-100.00%)
2026-03-30 23:15:01,399 - INFO - 📊 RESOLUCIÓN: WIN | UP | P&L: $4.20 (+26.58%)
2026-03-30 23:15:01,399 - INFO - 💰 Balance final del mercado: $359.80
2026-03-30 23:16:06,769 - INFO - Mercado detectado: btc-updown-15m-1774905300
2026-03-30 23:16:07,204 - INFO - UP token ID: 23268723707988578610328953137016829096122938409996211097567512770715362417740
2026-03-30 23:16:07,205 - INFO - DOWN token ID: 3415370184471111897730542366849573078611399624126947203218550933444947164772
2026-03-30 23:22:31,855 - INFO - 🟢 APOSTANDO UP a $0.9400 con 5.0 shares (costo $4.70)
2026-03-30 23:22:31,855 - INFO - 💰 Balance después de apuesta: $355.10
2026-03-30 23:30:01,464 - INFO - Mercado cerrado. Ganador: UP
2026-03-30 23:30:01,465 - INFO - 📊 RESOLUCIÓN: WIN | UP | P&L: $0.30 (+6.38%)
2026-03-30 23:30:01,465 - INFO - 💰 Balance final del mercado: $360.10
2026-03-30 23:30:07,692 - INFO - Mercado detectado: btc-updown-15m-1774906200
2026-03-30 23:30:08,268 - INFO - UP token ID: 100719244596167565729040893206274571929147346079858779613599258126634593581669
2026-03-30 23:30:08,268 - INFO - DOWN token ID: 93525055197932529468335288616297375033472671805911471051694586254838323322600
2026-03-30 23:39:16,392 - INFO - 🟢 APOSTANDO UP a $0.7800 con 5.0 shares (costo $3.90)
2026-03-30 23:39:16,392 - INFO - 💰 Balance después de apuesta: $356.20
2026-03-30 23:45:00,299 - INFO - Mercado cerrado. Ganador: UP
2026-03-30 23:45:00,299 - INFO - 📊 RESOLUCIÓN: WIN | UP | P&L: $1.10 (+28.21%)
2026-03-30 23:45:00,299 - INFO - 💰 Balance final del mercado: $361.20
2026-03-30 23:45:32,519 - INFO - Mercado detectado: btc-updown-15m-1774907100
2026-03-30 23:45:33,039 - INFO - UP token ID: 57574240619625383238665162674693555597375578077836435124930201243677523790529
2026-03-30 23:45:33,039 - INFO - DOWN token ID: 107654196298988609797081917162858207087379551997591617285151992536425863508967
2026-03-30 23:52:47,095 - INFO - 🟢 APOSTANDO DOWN a $0.8400 con 5.0 shares (costo $4.20)
2026-03-30 23:52:47,095 - INFO - 💰 Balance después de apuesta: $357.00
2026-03-31 00:00:00,579 - INFO - Mercado cerrado. Ganador: DOWN
2026-03-31 00:00:00,579 - INFO - 📊 RESOLUCIÓN: WIN | DOWN | P&L: $0.80 (+19.05%)
2026-03-31 00:00:00,579 - INFO - 💰 Balance final del mercado: $362.00
2026-03-31 00:00:16,719 - INFO - Mercado detectado: btc-updown-15m-1774908000
2026-03-31 00:00:17,150 - INFO - UP token ID: 18404316311276930709824149601019960647225208003146195292786708016139453046901
2026-03-31 00:00:17,151 - INFO - DOWN token ID: 106431484743162807986729543892423181930935485727076427410053678477253039411054
2026-03-31 00:09:24,930 - INFO - 🟢 APOSTANDO DOWN a $0.8100 con 5.0 shares (costo $4.05)
2026-03-31 00:09:24,930 - INFO - 💰 Balance después de apuesta: $357.95
2026-03-31 00:15:00,197 - INFO - Mercado cerrado. Ganador: DOWN
2026-03-31 00:15:00,198 - INFO - 📊 RESOLUCIÓN: WIN | DOWN | P&L: $0.95 (+23.46%)
2026-03-31 00:15:00,198 - INFO - 💰 Balance final del mercado: $362.95
2026-03-31 00:15:13,517 - INFO - Mercado detectado: btc-updown-15m-1774908900
2026-03-31 00:15:13,963 - INFO - UP token ID: 114759648266896051250949279693238504699455676954122013585451483688106006702286
2026-03-31 00:15:13,963 - INFO - DOWN token ID: 54490014818374536181282013524228113418199124347758524585224956851171291276353
2026-03-31 00:22:31,212 - INFO - 🟢 APOSTANDO UP a $0.8100 con 5.0 shares (costo $4.05)
2026-03-31 00:22:31,212 - INFO - 💰 Balance después de apuesta: $358.90
2026-03-31 00:30:00,988 - INFO - Mercado cerrado. Ganador: UP
2026-03-31 00:30:00,989 - INFO - 📊 RESOLUCIÓN: WIN | UP | P&L: $0.95 (+23.46%)
2026-03-31 00:30:00,989 - INFO - 💰 Balance final del mercado: $363.90
2026-03-31 00:30:38,420 - INFO - Mercado detectado: btc-updown-15m-1774909800
2026-03-31 00:30:39,049 - INFO - UP token ID: 45654398873878050570921565373276350985349297493553163529928795716700578023777
2026-03-31 00:30:39,049 - INFO - DOWN token ID: 33719464868786591882237133799341954912954272852127330493295318156153042154576
2026-03-31 00:31:42,703 - INFO - Bot detenido por el usuario
2026-03-31 00:31:42,703 - INFO - 
======================================================================
2026-03-31 00:31:42,703 - INFO - RESUMEN FINAL
2026-03-31 00:31:42,703 - INFO - Mercados procesados: 15
2026-03-31 00:31:42,703 - INFO - Wins: 29 | Losses: 3 | Winrate: 90.62%
2026-03-31 00:31:42,704 - INFO - Beneficio neto: $13.90 (Balance final: $363.90)
2026-03-31 00:31:42,704 - INFO - ======================================================================
2026-03-31 09:21:19,517 - INFO - Deriving User API credentials from private key...
2026-03-31 09:21:19,648 - INFO - ✅ API credentials configured
2026-03-31 09:21:19,648 - INFO -    API Key: 1444dbbe-2ff0-2a04-62bd-1830c8c6c2ef
2026-03-31 09:21:19,648 - INFO -    Wallet: 0x58B8279a146F948f313a062515630e5Ec1f8fB81
2026-03-31 09:21:19,648 - INFO -    Funder: 0xb1133Cbf8a89793b57c875b0eCD62162e840283E
2026-03-31 09:21:20,173 - INFO - Mercado detectado: btc-updown-15m-1774941300
2026-03-31 09:21:20,750 - INFO - UP token ID: 91984009006344218997714036737843826267047460011662172216244415164722592813709
2026-03-31 09:21:20,750 - INFO - DOWN token ID: 63960818270613963223402749961375082000746942906063210477586582256097316241762
2026-03-31 09:22:38,422 - INFO - 🟢 APOSTANDO DOWN a $0.7900 con 5.0 shares (costo $3.95)
2026-03-31 09:22:38,422 - INFO - 💰 Balance después de apuesta: $346.05
2026-03-31 09:30:00,562 - INFO - Mercado cerrado. Ganador: DOWN
2026-03-31 09:30:00,563 - INFO - 📊 RESOLUCIÓN: WIN | DOWN | P&L: $1.05 (+26.58%)
2026-03-31 09:30:00,563 - INFO - 💰 Balance final del mercado: $351.05
2026-03-31 09:30:32,580 - INFO - Mercado detectado: btc-updown-15m-1774942200
2026-03-31 09:30:33,004 - INFO - UP token ID: 95864000530666182732154605132525030062436501813396174671309476884893981203333
2026-03-31 09:30:33,005 - INFO - DOWN token ID: 92898471168574041527255023821157069233333320831882882640880727822351938423258
2026-03-31 09:41:13,574 - INFO - 🟢 APOSTANDO UP a $0.7800 con 5.0 shares (costo $3.90)
2026-03-31 09:41:13,574 - INFO - 💰 Balance después de apuesta: $347.15
2026-03-31 09:45:00,952 - INFO - Mercado cerrado. Ganador: UP
2026-03-31 09:45:00,952 - INFO - 📊 RESOLUCIÓN: WIN | UP | P&L: $1.10 (+28.21%)
2026-03-31 09:45:00,952 - INFO - 💰 Balance final del mercado: $352.15
2026-03-31 09:45:17,170 - INFO - Mercado detectado: btc-updown-15m-1774943100
2026-03-31 09:45:17,605 - INFO - UP token ID: 70386336306053591064901572670098149083024741986290800457524940079061783285886
2026-03-31 09:45:17,605 - INFO - DOWN token ID: 10034238187269166376387158826794803983970206301984590356699729501255891991842
2026-03-31 09:54:54,873 - INFO - 🟢 APOSTANDO UP a $0.8200 con 5.0 shares (costo $4.10)
2026-03-31 09:54:54,874 - INFO - 💰 Balance después de apuesta: $348.05
2026-03-31 10:00:01,380 - INFO - Mercado cerrado. Ganador: UP
2026-03-31 10:00:01,380 - INFO - 📊 RESOLUCIÓN: WIN | UP | P&L: $0.90 (+21.95%)
2026-03-31 10:00:01,380 - INFO - 💰 Balance final del mercado: $353.05
2026-03-31 10:00:21,785 - INFO - Mercado detectado: btc-updown-15m-1774944000
2026-03-31 10:00:22,360 - INFO - UP token ID: 99498883392931836359613811545481861144363588513865095031209931997777979220446
2026-03-31 10:00:22,360 - INFO - DOWN token ID: 14011755743288248790962840679027704039881639775443512723486393393510278381001
2026-03-31 10:08:20,926 - INFO - 🟢 APOSTANDO UP a $0.7800 con 5.0 shares (costo $3.90)
2026-03-31 10:08:20,926 - INFO - 💰 Balance después de apuesta: $349.15
2026-03-31 10:14:54,165 - INFO - 🟢 APOSTANDO DOWN a $0.8100 con 20.0 shares (costo $16.20) [hedge x4.0]
2026-03-31 10:14:54,165 - INFO - 💰 Balance después de apuesta: $332.95
2026-03-31 10:15:00,950 - INFO - Mercado cerrado. Ganador: DOWN
2026-03-31 10:15:00,951 - INFO - 📊 RESOLUCIÓN: LOSS | UP | P&L: $-3.90 (-100.00%)
2026-03-31 10:15:00,951 - INFO - 📊 RESOLUCIÓN: WIN | DOWN | P&L: $3.80 (+23.46%)
2026-03-31 10:15:00,951 - INFO - 💰 Balance final del mercado: $352.95
2026-03-31 10:15:41,283 - INFO - Mercado detectado: btc-updown-15m-1774944900
2026-03-31 10:15:41,714 - INFO - UP token ID: 107618357648631998971225648698953311142038710906723779327410807853243362095870
2026-03-31 10:15:41,714 - INFO - DOWN token ID: 56547671433109408031959414695542625603219818019505536204723483817989432560242
2026-03-31 10:22:32,306 - INFO - 🟢 APOSTANDO UP a $0.8100 con 5.0 shares (costo $4.05)
2026-03-31 10:22:32,306 - INFO - 💰 Balance después de apuesta: $348.90
2026-03-31 10:27:07,738 - INFO - 🟢 APOSTANDO DOWN a $0.8400 con 20.0 shares (costo $16.80) [hedge x4.0]
2026-03-31 10:27:07,738 - INFO - 💰 Balance después de apuesta: $332.10
2026-03-31 10:30:00,995 - INFO - Mercado cerrado. Ganador: DOWN
2026-03-31 10:30:00,995 - INFO - 📊 RESOLUCIÓN: LOSS | UP | P&L: $-4.05 (-100.00%)
2026-03-31 10:30:00,995 - INFO - 📊 RESOLUCIÓN: WIN | DOWN | P&L: $3.20 (+19.05%)
2026-03-31 10:30:00,995 - INFO - 💰 Balance final del mercado: $352.10
2026-03-31 10:30:11,512 - INFO - Mercado detectado: btc-updown-15m-1774945800
2026-03-31 10:30:11,976 - INFO - UP token ID: 102722783574772636096279285978264218377580363052882812634825713539833854729514
2026-03-31 10:30:11,976 - INFO - DOWN token ID: 112245340039774994383222994768035777313641342832166017817898980247489375789868
2026-03-31 10:37:31,164 - INFO - 🟢 APOSTANDO DOWN a $0.9500 con 5.0 shares (costo $4.75)
2026-03-31 10:37:31,164 - INFO - 💰 Balance después de apuesta: $347.35
2026-03-31 10:45:01,006 - INFO - Mercado cerrado. Ganador: DOWN
2026-03-31 10:45:01,006 - INFO - 📊 RESOLUCIÓN: WIN | DOWN | P&L: $0.25 (+5.26%)
2026-03-31 10:45:01,006 - INFO - 💰 Balance final del mercado: $352.35
2026-03-31 10:45:09,948 - INFO - Mercado detectado: btc-updown-15m-1774946700
2026-03-31 10:45:10,400 - INFO - UP token ID: 11897836488064844872439117299529150105374021552234401809953443658609364222597
2026-03-31 10:45:10,400 - INFO - DOWN token ID: 108534553941739249542477729464048996498694280101026011775028465689824330596188
2026-03-31 10:53:36,619 - INFO - 🟢 APOSTANDO UP a $0.7900 con 5.0 shares (costo $3.95)
2026-03-31 10:53:36,619 - INFO - 💰 Balance después de apuesta: $348.40
2026-03-31 10:57:46,217 - INFO - 🟢 APOSTANDO DOWN a $0.7800 con 20.0 shares (costo $15.60) [hedge x4.0]
2026-03-31 10:57:46,217 - INFO - 💰 Balance después de apuesta: $332.80
2026-03-31 11:00:00,939 - INFO - Mercado cerrado. Ganador: DOWN
2026-03-31 11:00:00,939 - INFO - 📊 RESOLUCIÓN: LOSS | UP | P&L: $-3.95 (-100.00%)
2026-03-31 11:00:00,939 - INFO - 📊 RESOLUCIÓN: WIN | DOWN | P&L: $4.40 (+28.21%)
2026-03-31 11:00:00,939 - INFO - 💰 Balance final del mercado: $352.80
2026-03-31 11:00:32,880 - INFO - Mercado detectado: btc-updown-15m-1774947600
2026-03-31 11:00:33,493 - INFO - UP token ID: 70179106636370361780226236501563464208519017234679247832552402920471085234417
2026-03-31 11:00:33,493 - INFO - DOWN token ID: 42082001065332942261877413533349414312321662478618124113293012833433805734712
2026-03-31 11:11:18,957 - INFO - 🟢 APOSTANDO DOWN a $0.7800 con 5.0 shares (costo $3.90)
2026-03-31 11:11:18,957 - INFO - 💰 Balance después de apuesta: $348.90
2026-03-31 11:15:00,217 - INFO - Mercado cerrado. Ganador: DOWN
2026-03-31 11:15:00,217 - INFO - 📊 RESOLUCIÓN: WIN | DOWN | P&L: $1.10 (+28.21%)
2026-03-31 11:15:00,218 - INFO - 💰 Balance final del mercado: $353.90
2026-03-31 11:15:22,037 - INFO - Mercado detectado: btc-updown-15m-1774948500
2026-03-31 11:15:22,488 - INFO - UP token ID: 63557529759836775868297282720179492780480242556230655987963476538640544980239
2026-03-31 11:15:22,488 - INFO - DOWN token ID: 33223201576675120705181447037273249829832826053351553964898249898436222525859
2026-03-31 11:22:31,671 - INFO - 🟢 APOSTANDO DOWN a $0.8500 con 5.0 shares (costo $4.25)
2026-03-31 11:22:31,671 - INFO - 💰 Balance después de apuesta: $349.65
2026-03-31 11:30:00,439 - INFO - Mercado cerrado. Ganador: DOWN
2026-03-31 11:30:00,439 - INFO - 📊 RESOLUCIÓN: WIN | DOWN | P&L: $0.75 (+17.65%)
2026-03-31 11:30:00,440 - INFO - 💰 Balance final del mercado: $354.65
2026-03-31 11:30:18,310 - INFO - Mercado detectado: btc-updown-15m-1774949400
2026-03-31 11:30:18,810 - INFO - UP token ID: 41249413739409738516858289884015572510227728010973970941686556865927566055889
2026-03-31 11:30:18,810 - INFO - DOWN token ID: 73489056467471550110640776892808455478176800385065759769145842185308429933304
2026-03-31 11:39:24,822 - INFO - 🟢 APOSTANDO UP a $0.7800 con 5.0 shares (costo $3.90)
2026-03-31 11:39:24,822 - INFO - 💰 Balance después de apuesta: $350.75
2026-03-31 11:45:00,985 - INFO - Mercado cerrado. Ganador: UP
2026-03-31 11:45:00,985 - INFO - 📊 RESOLUCIÓN: WIN | UP | P&L: $1.10 (+28.21%)
2026-03-31 11:45:00,986 - INFO - 💰 Balance final del mercado: $355.75
2026-03-31 11:45:31,876 - INFO - Mercado detectado: btc-updown-15m-1774950300
2026-03-31 11:45:32,439 - INFO - UP token ID: 100799322649443106875867124367124070722603287861804707916408794627683189039489
2026-03-31 11:45:32,439 - INFO - DOWN token ID: 56859722659473186679983138306159025943183788535778622298346923766600506446091
2026-03-31 11:52:31,237 - INFO - 🟢 APOSTANDO DOWN a $0.8600 con 5.0 shares (costo $4.30)
2026-03-31 11:52:31,237 - INFO - 💰 Balance después de apuesta: $351.45
2026-03-31 12:00:00,441 - INFO - Mercado cerrado. Ganador: DOWN
2026-03-31 12:00:00,441 - INFO - 📊 RESOLUCIÓN: WIN | DOWN | P&L: $0.70 (+16.28%)
2026-03-31 12:00:00,441 - INFO - 💰 Balance final del mercado: $356.45
2026-03-31 12:00:23,844 - INFO - Mercado detectado: btc-updown-15m-1774951200
2026-03-31 12:00:24,294 - INFO - UP token ID: 13431058206974877448348396394500487118235518268419485226913162691599455566048
2026-03-31 12:00:24,294 - INFO - DOWN token ID: 8916081674967071382160738166640376237962494194413132414108755327191652445336
2026-03-31 12:07:31,165 - INFO - 🟢 APOSTANDO UP a $0.9500 con 5.0 shares (costo $4.75)
2026-03-31 12:07:31,166 - INFO - 💰 Balance después de apuesta: $351.70
2026-03-31 12:15:00,313 - INFO - Mercado cerrado. Ganador: UP
2026-03-31 12:15:00,314 - INFO - 📊 RESOLUCIÓN: WIN | UP | P&L: $0.25 (+5.26%)
2026-03-31 12:15:00,314 - INFO - 💰 Balance final del mercado: $356.70
2026-03-31 12:15:10,787 - INFO - Mercado detectado: btc-updown-15m-1774952100
2026-03-31 12:15:11,235 - INFO - UP token ID: 109375550839006831244505137856029430872440676976642055038010315325082076437382
2026-03-31 12:15:11,235 - INFO - DOWN token ID: 35232667649571856280128978536277857999843966207219236800304580272792799010088
2026-03-31 12:23:00,911 - INFO - 🟢 APOSTANDO UP a $0.7800 con 5.0 shares (costo $3.90)
2026-03-31 12:23:00,912 - INFO - 💰 Balance después de apuesta: $352.80
2026-03-31 12:29:09,249 - INFO - 🟢 APOSTANDO DOWN a $0.7900 con 20.0 shares (costo $15.80) [hedge x4.0]
2026-03-31 12:29:09,249 - INFO - 💰 Balance después de apuesta: $337.00
2026-03-31 12:29:46,296 - INFO - 🟢 APOSTANDO UP a $0.7800 con 80.0 shares (costo $62.40) [hedge x4.0]
2026-03-31 12:29:46,296 - INFO - 💰 Balance después de apuesta: $274.60
2026-03-31 12:30:01,528 - INFO - Mercado cerrado. Ganador: UP
2026-03-31 12:30:01,528 - INFO - 📊 RESOLUCIÓN: WIN | UP | P&L: $1.10 (+28.21%)
2026-03-31 12:30:01,528 - INFO - 📊 RESOLUCIÓN: LOSS | DOWN | P&L: $-15.80 (-100.00%)
2026-03-31 12:30:01,529 - INFO - 📊 RESOLUCIÓN: WIN | UP | P&L: $17.60 (+28.21%)
2026-03-31 12:30:01,529 - INFO - 💰 Balance final del mercado: $359.60
2026-03-31 12:30:22,097 - INFO - Mercado detectado: btc-updown-15m-1774953000
2026-03-31 12:30:22,652 - INFO - UP token ID: 60722129439210359498193980425655484089189572541081375681049803295300663348540
2026-03-31 12:30:22,652 - INFO - DOWN token ID: 100546998531551502223655968850598035315334739416326897484308923051923974875569
2026-03-31 12:39:33,884 - INFO - 🟢 APOSTANDO DOWN a $0.8800 con 5.0 shares (costo $4.40)
2026-03-31 12:39:33,885 - INFO - 💰 Balance después de apuesta: $355.20
2026-03-31 12:45:00,207 - INFO - Mercado cerrado. Ganador: DOWN
2026-03-31 12:45:00,207 - INFO - 📊 RESOLUCIÓN: WIN | DOWN | P&L: $0.60 (+13.64%)
2026-03-31 12:45:00,207 - INFO - 💰 Balance final del mercado: $360.20
2026-03-31 12:45:07,779 - INFO - Mercado detectado: btc-updown-15m-1774953900
2026-03-31 12:45:08,210 - INFO - UP token ID: 53470084091923269917834719100383262155417066493114026225692536859987193250377
2026-03-31 12:45:08,210 - INFO - DOWN token ID: 28451864339615442320539890685072136802105304860982437553382729734186468132835
2026-03-31 12:52:32,016 - INFO - 🟢 APOSTANDO UP a $0.9100 con 5.0 shares (costo $4.55)
2026-03-31 12:52:32,016 - INFO - 💰 Balance después de apuesta: $355.65
2026-03-31 13:00:00,217 - INFO - Mercado cerrado. Ganador: UP
2026-03-31 13:00:00,217 - INFO - 📊 RESOLUCIÓN: WIN | UP | P&L: $0.45 (+9.89%)
2026-03-31 13:00:00,218 - INFO - 💰 Balance final del mercado: $360.65
2026-03-31 13:00:13,701 - INFO - Mercado detectado: btc-updown-15m-1774954800
2026-03-31 13:00:14,150 - INFO - UP token ID: 79575701740059880658763755043279325019059332558630004863432143517285611483323
2026-03-31 13:00:14,150 - INFO - DOWN token ID: 54032732006452201621843530602573190432871461103097453801632676326898937023918
2026-03-31 13:07:31,432 - INFO - 🟢 APOSTANDO DOWN a $0.7800 con 5.0 shares (costo $3.90)
2026-03-31 13:07:31,432 - INFO - 💰 Balance después de apuesta: $356.75
2026-03-31 13:11:18,667 - INFO - 🟢 APOSTANDO UP a $0.8000 con 20.0 shares (costo $16.00) [hedge x4.0]
2026-03-31 13:11:18,667 - INFO - 💰 Balance después de apuesta: $340.75
2026-03-31 13:11:45,451 - INFO - 🟢 APOSTANDO DOWN a $0.7900 con 80.0 shares (costo $63.20) [hedge x4.0]
2026-03-31 13:11:45,451 - INFO - 💰 Balance después de apuesta: $277.55
2026-03-31 13:12:34,752 - INFO - 🟢 APOSTANDO UP a $0.7800 con 340.0 shares (costo $265.20) [hedge x4.0]
2026-03-31 13:12:34,752 - INFO - 💰 Balance después de apuesta: $12.35
2026-03-31 13:15:00,447 - INFO - Mercado cerrado. Ganador: UP
2026-03-31 13:15:00,447 - INFO - 📊 RESOLUCIÓN: LOSS | DOWN | P&L: $-3.90 (-100.00%)
2026-03-31 13:15:00,447 - INFO - 📊 RESOLUCIÓN: WIN | UP | P&L: $4.00 (+25.00%)
2026-03-31 13:15:00,447 - INFO - 📊 RESOLUCIÓN: LOSS | DOWN | P&L: $-63.20 (-100.00%)
2026-03-31 13:15:00,447 - INFO - 📊 RESOLUCIÓN: WIN | UP | P&L: $74.80 (+28.21%)
2026-03-31 13:15:00,447 - INFO - 💰 Balance final del mercado: $372.35
2026-03-31 13:15:16,483 - INFO - Mercado detectado: btc-updown-15m-1774955700
2026-03-31 13:15:16,987 - INFO - UP token ID: 64144246634376101250310332573409716394696341206081770883803910279861472566499
2026-03-31 13:15:16,987 - INFO - DOWN token ID: 115324850278965608133757548266709932859013231417165974900047981814041111598789
2026-03-31 13:23:51,988 - INFO - 🟢 APOSTANDO UP a $0.7800 con 5.0 shares (costo $3.90)
2026-03-31 13:23:51,988 - INFO - 💰 Balance después de apuesta: $368.45
2026-03-31 13:30:00,504 - INFO - Mercado cerrado. Ganador: UP
2026-03-31 13:30:00,504 - INFO - 📊 RESOLUCIÓN: WIN | UP | P&L: $1.10 (+28.21%)
2026-03-31 13:30:00,505 - INFO - 💰 Balance final del mercado: $373.45
2026-03-31 13:30:22,078 - INFO - Mercado detectado: btc-updown-15m-1774956600
2026-03-31 13:30:22,519 - INFO - UP token ID: 91734275231689608162507109784099721555713294506390702313749533984153173446019
2026-03-31 13:30:22,519 - INFO - DOWN token ID: 87689589450898938343805940133516745710254456857237491334811818620743387394334
2026-03-31 13:37:32,036 - INFO - 🟢 APOSTANDO UP a $0.9200 con 5.0 shares (costo $4.60)
2026-03-31 13:37:32,037 - INFO - 💰 Balance después de apuesta: $368.85
2026-03-31 13:45:00,660 - INFO - Mercado cerrado. Ganador: UP
2026-03-31 13:45:00,661 - INFO - 📊 RESOLUCIÓN: WIN | UP | P&L: $0.40 (+8.70%)
2026-03-31 13:45:00,661 - INFO - 💰 Balance final del mercado: $373.85
2026-03-31 13:45:29,421 - INFO - Mercado detectado: btc-updown-15m-1774957500
2026-03-31 13:45:29,852 - INFO - UP token ID: 86946632840831881301184451702936856308607855289554250660985081044064899477330
2026-03-31 13:45:29,852 - INFO - DOWN token ID: 30567663765061661606647231339377969437546453966666451016387974164631133729175
2026-03-31 13:52:31,099 - INFO - 🟢 APOSTANDO DOWN a $0.9300 con 5.0 shares (costo $4.65)
2026-03-31 13:52:31,099 - INFO - 💰 Balance después de apuesta: $369.20
2026-03-31 14:00:00,956 - INFO - Mercado cerrado. Ganador: DOWN
2026-03-31 14:00:00,956 - INFO - 📊 RESOLUCIÓN: WIN | DOWN | P&L: $0.35 (+7.53%)
2026-03-31 14:00:00,956 - INFO - 💰 Balance final del mercado: $374.20
2026-03-31 14:01:16,804 - INFO - Mercado detectado: btc-updown-15m-1774958400
2026-03-31 14:01:17,248 - INFO - UP token ID: 6786099519341201060034711776760252582159784060041693936579427114962729806761
2026-03-31 14:01:17,248 - INFO - DOWN token ID: 88290455048559612736157787336378806977580678961230948572884710866235742039167
2026-03-31 14:09:06,611 - INFO - 🟢 APOSTANDO UP a $0.8000 con 5.0 shares (costo $4.00)
2026-03-31 14:09:06,611 - INFO - 💰 Balance después de apuesta: $370.20
2026-03-31 14:10:57,659 - INFO - 🟢 APOSTANDO DOWN a $0.7800 con 20.0 shares (costo $15.60) [hedge x4.0]
2026-03-31 14:10:57,659 - INFO - 💰 Balance después de apuesta: $354.60
2026-03-31 14:15:01,153 - INFO - Mercado cerrado. Ganador: DOWN
2026-03-31 14:15:01,154 - INFO - 📊 RESOLUCIÓN: LOSS | UP | P&L: $-4.00 (-100.00%)
2026-03-31 14:15:01,154 - INFO - 📊 RESOLUCIÓN: WIN | DOWN | P&L: $4.40 (+28.21%)
2026-03-31 14:15:01,154 - INFO - 💰 Balance final del mercado: $374.60
2026-03-31 14:15:10,126 - INFO - Mercado detectado: btc-updown-15m-1774959300
2026-03-31 14:15:10,570 - INFO - UP token ID: 109475548025939837149042021484854767191660800343332916855449118902760709548890
2026-03-31 14:15:10,571 - INFO - DOWN token ID: 24561037288916970778784363894220391077357414078212690038888547857267514344327
2026-03-31 14:22:31,294 - INFO - 🟢 APOSTANDO UP a $0.8300 con 5.0 shares (costo $4.15)
2026-03-31 14:22:31,294 - INFO - 💰 Balance después de apuesta: $370.45
2026-03-31 14:30:00,531 - INFO - Mercado cerrado. Ganador: UP
2026-03-31 14:30:00,531 - INFO - 📊 RESOLUCIÓN: WIN | UP | P&L: $0.85 (+20.48%)
2026-03-31 14:30:00,531 - INFO - 💰 Balance final del mercado: $375.45
2026-03-31 14:30:26,687 - INFO - Mercado detectado: btc-updown-15m-1774960200
2026-03-31 14:30:27,226 - INFO - UP token ID: 101967856587852708561569767236209254065702003051092956428721671959954825093035
2026-03-31 14:30:27,227 - INFO - DOWN token ID: 86261595152665739086764154760224682798142603159327468638140260986231740887226
2026-03-31 14:37:31,892 - INFO - 🟢 APOSTANDO UP a $0.7900 con 5.0 shares (costo $3.95)
2026-03-31 14:37:31,892 - INFO - 💰 Balance después de apuesta: $371.50
2026-03-31 14:45:01,470 - INFO - Mercado cerrado. Ganador: UP
2026-03-31 14:45:01,470 - INFO - 📊 RESOLUCIÓN: WIN | UP | P&L: $1.05 (+26.58%)
2026-03-31 14:45:01,470 - INFO - 💰 Balance final del mercado: $376.50
2026-03-31 14:45:32,987 - INFO - Mercado detectado: btc-updown-15m-1774961100
2026-03-31 14:45:33,434 - INFO - UP token ID: 23247189259374294821859612525002315774902595640541143621235081836785654221841
2026-03-31 14:45:33,435 - INFO - DOWN token ID: 45994703836309880154287413557549693073780536322274276407130632493022427324771
2026-03-31 14:52:32,324 - INFO - 🟢 APOSTANDO DOWN a $0.9500 con 5.0 shares (costo $4.75)
2026-03-31 14:52:32,324 - INFO - 💰 Balance después de apuesta: $371.75
2026-03-31 15:00:00,861 - INFO - Mercado cerrado. Ganador: DOWN
2026-03-31 15:00:00,861 - INFO - 📊 RESOLUCIÓN: WIN | DOWN | P&L: $0.25 (+5.26%)
2026-03-31 15:00:00,861 - INFO - 💰 Balance final del mercado: $376.75
2026-03-31 15:00:27,092 - INFO - Mercado detectado: btc-updown-15m-1774962000
2026-03-31 15:00:27,660 - INFO - UP token ID: 97544435707920678659564178384276411029815251057096179511700104329187262171317
2026-03-31 15:00:27,660 - INFO - DOWN token ID: 87684711699399517872575235165901094866450745345592752863622422147020927068451
2026-03-31 15:08:15,244 - INFO - 🟢 APOSTANDO UP a $0.7900 con 5.0 shares (costo $3.95)
2026-03-31 15:08:15,244 - INFO - 💰 Balance después de apuesta: $372.80
2026-03-31 15:15:01,349 - INFO - Mercado cerrado. Ganador: UP
2026-03-31 15:15:01,350 - INFO - 📊 RESOLUCIÓN: WIN | UP | P&L: $1.05 (+26.58%)
2026-03-31 15:15:01,350 - INFO - 💰 Balance final del mercado: $377.80
2026-03-31 15:15:33,077 - INFO - Mercado detectado: btc-updown-15m-1774962900
2026-03-31 15:15:33,498 - INFO - UP token ID: 102575305247448528984441182676139822425772898608558911889398914082590817761509
2026-03-31 15:15:33,498 - INFO - DOWN token ID: 104904099948238154844932324334192144439217577409676081469245081766431796779132
2026-03-31 15:22:53,040 - INFO - 🟢 APOSTANDO DOWN a $0.7800 con 5.0 shares (costo $3.90)
2026-03-31 15:22:53,040 - INFO - 💰 Balance después de apuesta: $373.90
2026-03-31 15:30:01,425 - INFO - Mercado cerrado. Ganador: DOWN
2026-03-31 15:30:01,425 - INFO - 📊 RESOLUCIÓN: WIN | DOWN | P&L: $1.10 (+28.21%)
2026-03-31 15:30:01,426 - INFO - 💰 Balance final del mercado: $378.90
2026-03-31 15:30:11,827 - INFO - Mercado detectado: btc-updown-15m-1774963800
2026-03-31 15:30:12,256 - INFO - UP token ID: 69674961437900066547672062895199444678848909539300934217828680370991749945994
2026-03-31 15:30:12,257 - INFO - DOWN token ID: 4323427762907919941638560824707652303377984015274215529534988512402785638165
2026-03-31 15:37:31,819 - INFO - 🟢 APOSTANDO UP a $0.8300 con 5.0 shares (costo $4.15)
2026-03-31 15:37:31,819 - INFO - 💰 Balance después de apuesta: $374.75
2026-03-31 15:45:01,232 - INFO - Mercado cerrado. Ganador: UP
2026-03-31 15:45:01,232 - INFO - 📊 RESOLUCIÓN: WIN | UP | P&L: $0.85 (+20.48%)
2026-03-31 15:45:01,232 - INFO - 💰 Balance final del mercado: $379.75
2026-03-31 15:45:55,353 - INFO - Mercado detectado: btc-updown-15m-1774964700
2026-03-31 15:45:55,803 - INFO - UP token ID: 14540173789142266380028889677168614578720674254838520824296996699689422725646
2026-03-31 15:45:55,804 - INFO - DOWN token ID: 76613877329880490223351071172262026439332219356459782365105657891817045303650
2026-03-31 15:52:31,767 - INFO - 🟢 APOSTANDO UP a $0.8400 con 5.0 shares (costo $4.20)
2026-03-31 15:52:31,768 - INFO - 💰 Balance después de apuesta: $375.55
2026-03-31 16:00:01,147 - INFO - Mercado cerrado. Ganador: UP
2026-03-31 16:00:01,147 - INFO - 📊 RESOLUCIÓN: WIN | UP | P&L: $0.80 (+19.05%)
2026-03-31 16:00:01,147 - INFO - 💰 Balance final del mercado: $380.55
2026-03-31 16:00:23,341 - INFO - Mercado detectado: btc-updown-15m-1774965600
2026-03-31 16:00:23,829 - INFO - UP token ID: 91636105840156734360115530502640588376813748670174172486695541440192489656979
2026-03-31 16:00:23,830 - INFO - DOWN token ID: 36523641360862757624974382332793329650860363441274147284281668908778872477806
2026-03-31 16:07:31,189 - INFO - 🟢 APOSTANDO DOWN a $0.8200 con 5.0 shares (costo $4.10)
2026-03-31 16:07:31,189 - INFO - 💰 Balance después de apuesta: $376.45
2026-03-31 16:14:16,352 - INFO - 🟢 APOSTANDO UP a $0.7900 con 20.0 shares (costo $15.80) [hedge x4.0]
2026-03-31 16:14:16,353 - INFO - 💰 Balance después de apuesta: $360.65
2026-03-31 16:15:01,072 - INFO - Mercado cerrado. Ganador: UP
2026-03-31 16:15:01,073 - INFO - 📊 RESOLUCIÓN: LOSS | DOWN | P&L: $-4.10 (-100.00%)
2026-03-31 16:15:01,073 - INFO - 📊 RESOLUCIÓN: WIN | UP | P&L: $4.20 (+26.58%)
2026-03-31 16:15:01,073 - INFO - 💰 Balance final del mercado: $380.65
2026-03-31 16:15:04,716 - INFO - Mercado detectado: btc-updown-15m-1774966500
2026-03-31 16:15:05,163 - INFO - UP token ID: 2983157458231411766985141165444939640722702849440988165918440118805667258746
2026-03-31 16:15:05,164 - INFO - DOWN token ID: 113947032906482543744919843841942408007660892305629310714469475101622632955821
2026-03-31 16:22:31,113 - INFO - 🟢 APOSTANDO UP a $0.9100 con 5.0 shares (costo $4.55)
2026-03-31 16:22:31,114 - INFO - 💰 Balance después de apuesta: $376.10
2026-03-31 16:30:01,147 - INFO - Mercado cerrado. Ganador: UP
2026-03-31 16:30:01,147 - INFO - 📊 RESOLUCIÓN: WIN | UP | P&L: $0.45 (+9.89%)
2026-03-31 16:30:01,147 - INFO - 💰 Balance final del mercado: $381.10
2026-03-31 16:30:39,223 - INFO - Mercado detectado: btc-updown-15m-1774967400
2026-03-31 16:30:39,681 - INFO - UP token ID: 104061556694420625061749113640222156928397835762266843232092160495182931830110
2026-03-31 16:30:39,681 - INFO - DOWN token ID: 28581769672018710784062589351254757426467304563905218317442153071099071277370
2026-03-31 16:37:31,262 - INFO - 🟢 APOSTANDO DOWN a $0.9700 con 5.0 shares (costo $4.85)
2026-03-31 16:37:31,262 - INFO - 💰 Balance después de apuesta: $376.25
2026-03-31 16:45:00,792 - INFO - Mercado cerrado. Ganador: DOWN
2026-03-31 16:45:00,792 - INFO - 📊 RESOLUCIÓN: WIN | DOWN | P&L: $0.15 (+3.09%)
2026-03-31 16:45:00,792 - INFO - 💰 Balance final del mercado: $381.25
2026-03-31 16:45:06,989 - INFO - Mercado detectado: btc-updown-15m-1774968300
2026-03-31 16:45:07,448 - INFO - UP token ID: 46122672471478616065617497499741306129805268349027953582651734048417020527642
2026-03-31 16:45:07,448 - INFO - DOWN token ID: 99660242126437597815421972378482802829137774050498090993818524520260013387876
2026-03-31 16:52:32,110 - INFO - 🟢 APOSTANDO DOWN a $0.9800 con 5.0 shares (costo $4.90)
2026-03-31 16:52:32,111 - INFO - 💰 Balance después de apuesta: $376.35
2026-03-31 17:00:00,891 - INFO - Mercado cerrado. Ganador: DOWN
2026-03-31 17:00:00,891 - INFO - 📊 RESOLUCIÓN: WIN | DOWN | P&L: $0.10 (+2.04%)
2026-03-31 17:00:00,891 - INFO - 💰 Balance final del mercado: $381.35
2026-03-31 17:00:21,137 - INFO - Mercado detectado: btc-updown-15m-1774969200
2026-03-31 17:00:21,696 - INFO - UP token ID: 90640958557445028945895814792119638742286972280444049267865610133509516931206
2026-03-31 17:00:21,696 - INFO - DOWN token ID: 33190329781313542341881424791769714568483588451705248022101906233793239748280
2026-03-31 17:07:32,000 - INFO - 🟢 APOSTANDO UP a $0.9700 con 5.0 shares (costo $4.85)
2026-03-31 17:07:32,000 - INFO - 💰 Balance después de apuesta: $376.50
2026-03-31 17:15:01,483 - INFO - Mercado cerrado. Ganador: UP
2026-03-31 17:15:01,483 - INFO - 📊 RESOLUCIÓN: WIN | UP | P&L: $0.15 (+3.09%)
2026-03-31 17:15:01,483 - INFO - 💰 Balance final del mercado: $381.50
2026-03-31 17:15:23,761 - INFO - Mercado detectado: btc-updown-15m-1774970100
2026-03-31 17:15:24,351 - INFO - UP token ID: 89972342125923387985746286469422373612311490834340826505742937771656151162232
2026-03-31 17:15:24,351 - INFO - DOWN token ID: 85779175008926241077512970199212496423254735544535479368650234403659540900134
2026-03-31 17:26:23,704 - INFO - 🟢 APOSTANDO DOWN a $0.7900 con 5.0 shares (costo $3.95)
2026-03-31 17:26:23,704 - INFO - 💰 Balance después de apuesta: $377.55
2026-03-31 17:30:01,403 - INFO - Mercado cerrado. Ganador: DOWN
2026-03-31 17:30:01,403 - INFO - 📊 RESOLUCIÓN: WIN | DOWN | P&L: $1.05 (+26.58%)
2026-03-31 17:30:01,403 - INFO - 💰 Balance final del mercado: $382.55
2026-03-31 17:30:06,392 - INFO - Mercado detectado: btc-updown-15m-1774971000
2026-03-31 17:30:06,842 - INFO - UP token ID: 63950030512265811718721412833787280819122144319554955532485619350692212606452
2026-03-31 17:30:06,842 - INFO - DOWN token ID: 64992369262166956244182634219257211435637070936788272951146445975373155445716
2026-03-31 17:37:33,144 - INFO - 🟢 APOSTANDO UP a $0.7900 con 5.0 shares (costo $3.95)
2026-03-31 17:37:33,145 - INFO - 💰 Balance después de apuesta: $378.60
2026-03-31 17:44:13,395 - INFO - 🟢 APOSTANDO DOWN a $0.8400 con 20.0 shares (costo $16.80) [hedge x4.0]
2026-03-31 17:44:13,395 - INFO - 💰 Balance después de apuesta: $361.80
2026-03-31 17:45:00,425 - INFO - Mercado cerrado. Ganador: DOWN
2026-03-31 17:45:00,425 - INFO - 📊 RESOLUCIÓN: LOSS | UP | P&L: $-3.95 (-100.00%)
2026-03-31 17:45:00,425 - INFO - 📊 RESOLUCIÓN: WIN | DOWN | P&L: $3.20 (+19.05%)
2026-03-31 17:45:00,425 - INFO - 💰 Balance final del mercado: $381.80
2026-03-31 17:45:16,923 - INFO - Mercado detectado: btc-updown-15m-1774971900
2026-03-31 17:45:17,353 - INFO - UP token ID: 41641165313962536322977605051384595779792411622193507684509205542998018169468
2026-03-31 17:45:17,354 - INFO - DOWN token ID: 62011363096667804204830061275937959687659519248895971996766515988721857021106
2026-03-31 17:52:31,006 - INFO - 🟢 APOSTANDO UP a $0.8100 con 5.0 shares (costo $4.05)
2026-03-31 17:52:31,006 - INFO - 💰 Balance después de apuesta: $377.75
2026-03-31 17:56:53,331 - INFO - 🟢 APOSTANDO DOWN a $0.7900 con 20.0 shares (costo $15.80) [hedge x4.0]
2026-03-31 17:56:53,332 - INFO - 💰 Balance después de apuesta: $361.95
2026-03-31 18:00:01,484 - INFO - Mercado cerrado. Ganador: DOWN
2026-03-31 18:00:01,484 - INFO - 📊 RESOLUCIÓN: LOSS | UP | P&L: $-4.05 (-100.00%)
2026-03-31 18:00:01,484 - INFO - 📊 RESOLUCIÓN: WIN | DOWN | P&L: $4.20 (+26.58%)
2026-03-31 18:00:01,484 - INFO - 💰 Balance final del mercado: $381.95
2026-03-31 18:00:09,036 - INFO - Mercado detectado: btc-updown-15m-1774972800
2026-03-31 18:00:09,542 - INFO - UP token ID: 103019976334699873160966379161765105614360803701151350064501208875079722088457
2026-03-31 18:00:09,542 - INFO - DOWN token ID: 39366360184042948846375606308436592799819198176249482435482153205999656227711
2026-04-05 17:10:40,648 - INFO - Deriving User API credentials from private key...
2026-04-05 17:10:40,772 - INFO - ✅ API credentials configured
2026-04-05 17:10:40,772 - INFO -    API Key: 1444dbbe-2ff0-2a04-62bd-1830c8c6c2ef
2026-04-05 17:10:40,772 - INFO -    Wallet: 0x58B8279a146F948f313a062515630e5Ec1f8fB81
2026-04-05 17:10:40,772 - INFO -    Funder: 0xb1133Cbf8a89793b57c875b0eCD62162e840283E
2026-04-05 17:10:41,184 - INFO - Mercado detectado: btc-updown-15m-1775401200
2026-04-05 17:10:41,632 - INFO - UP token ID: 83042084102697473675649643758785156311716451969576874360491625630196982294645
2026-04-05 17:10:41,632 - INFO - DOWN token ID: 38918667929852129079097454933162768178007303548784869982208621519358035945420
2026-04-05 17:11:31,325 - INFO - 🟢 APOSTANDO UP a $0.7600 con 5.0 shares (costo $3.80)
2026-04-05 17:11:31,326 - INFO - 💰 Balance después de apuesta: $346.20
2026-04-05 17:15:00,427 - INFO - Mercado cerrado. Ganador: UP
2026-04-05 17:15:00,428 - INFO - 📊 RESOLUCIÓN: WIN | UP | P&L: $1.20 (+31.58%)
2026-04-05 17:15:00,428 - INFO - 💰 Balance final del mercado: $351.20
2026-04-05 17:15:16,435 - INFO - Mercado detectado: btc-updown-15m-1775402100
2026-04-05 17:15:16,925 - INFO - UP token ID: 82586345359028668682166838586387465121406798987762956834590415039630164933251
2026-04-05 17:15:16,925 - INFO - DOWN token ID: 96538089861648710025559117875304542548120454351807149901896236113696083850753
2026-04-05 17:20:31,255 - INFO - Bot detenido por el usuario
2026-04-05 17:20:31,255 - INFO - 
======================================================================
2026-04-05 17:20:31,256 - INFO - RESUMEN FINAL
2026-04-05 17:20:31,256 - INFO - Mercados procesados: 1
2026-04-05 17:20:31,256 - INFO - Wins: 1 | Losses: 0 | Winrate: 100.00%
2026-04-05 17:20:31,256 - INFO - Beneficio neto: $1.20 (Balance final: $351.20)
2026-04-05 17:20:31,256 - INFO - ======================================================================
